\BOOKMARK [1][-]{section.1}{插入图片}{}% 1
\BOOKMARK [2][-]{subsection.1.1}{方法一}{section.1}% 2
\BOOKMARK [2][-]{subsection.1.2}{方法二}{section.1}% 3
\BOOKMARK [1][-]{section.2}{代码块}{}% 4
\BOOKMARK [1][-]{section.3}{排版}{}% 5
\BOOKMARK [2][-]{subsection.3.1}{段落}{section.3}% 6
\BOOKMARK [2][-]{subsection.3.2}{空行}{section.3}% 7
\BOOKMARK [2][-]{subsection.3.3}{换页}{section.3}% 8
\BOOKMARK [2][-]{subsection.3.4}{页码}{section.3}% 9
\BOOKMARK [2][-]{subsection.3.5}{目录}{section.3}% 10
\BOOKMARK [2][-]{subsection.3.6}{列表}{section.3}% 11
\BOOKMARK [3][-]{subsubsection.3.6.1}{参考链接：}{subsection.3.6}% 12
\BOOKMARK [3][-]{subsubsection.3.6.2}{案例}{subsection.3.6}% 13
\BOOKMARK [1][-]{section.4}{公式}{}% 14
\BOOKMARK [2][-]{subsection.4.1}{行内公式}{section.4}% 15
\BOOKMARK [2][-]{subsection.4.2}{行间公式}{section.4}% 16
\BOOKMARK [1][-]{section.5}{表格}{}% 17
\BOOKMARK [1][-]{section.6}{文本框}{}% 18
\BOOKMARK [1][-]{section.7}{Algorithm}{}% 19
\BOOKMARK [1][-]{section.8}{一些特别好用的网站}{}% 20
\BOOKMARK [1][-]{section.9}{IDE 的选择}{}% 21
\BOOKMARK [1][-]{section.10}{致谢}{}% 22
